Starting CAP Project Generator...
Using @sap/cds-dk [9.8.2] from /extbin/globals/pnpm/5/.pnpm/@sap+cds-dk@9.8.2_@eslint+js@10.0.1/node_modules/@sap/cds-dk
Using @sap/generator-cap-project [2.0.5] from [/extbin/globals/pnpm/5/.pnpm/@sap+generator-cap-project@2.0.5_encoding@0.1.13_mem-fs@2.1.0_yeoman-environment@3.19.3_@types+node@25.6.0_/node_modules/@sap/generator-cap-project]
Using root path [/home/user/projects]

Creating project with approuter, hana, mta, nodejs, pipeline, tiny-sample, xsuaa

Adding facet: nodejs
Adding facet: mta
Adding facet: tiny-sample
Adding facet: xsuaa
Adding facet: hana
Adding facet: approuter
Adding UI5 integration to the pipeline for the detected UI5 apps...
Adding facet: pipeline

Successfully initialized CAP project
Continue with: code Fashion_shop 
for information on project "Piper" and its pipelines see https://www.project-piper.io/


Installing dependencies...

added 271 packages, and audited 272 packages in 5s

38 packages are looking for funding
  run `npm fund` for details

1 critical severity vulnerability

To address all issues, run:
  npm audit fix

Run `npm audit` for details.

Finished installing dependencies

Done setting up project Fashion_shop
Project is ready to use

